<?xml version="1.0" encoding="UTF-8"?>
<!-- Generated by org.testng.reporters.JUnitXMLReporter -->
<testsuite ignored="0" hostname="DESKTOP-71VTHM1" failures="0" tests="3" name="Default test" time="111.888" errors="0" timestamp="2022-08-10T23:35:51 IST">
  <testcase classname="com.test.setDelvLoc" name="testNavToSearchPage" time="31.417"/>
  <testcase classname="com.test.setDelvLoc" name="testRestaurantSrch" time="15.445"/>
  <testcase classname="com.test.setDelvLoc" name="testDishSrch" time="12.22"/>
</testsuite> <!-- Default test -->
