<?xml version="1.0" encoding="UTF-8"?>
<!-- Generated by org.testng.reporters.JUnitXMLReporter -->
<testsuite ignored="0" hostname="DESKTOP-71VTHM1" failures="0" tests="3" name="Test" time="92.663" errors="0" timestamp="2022-08-11T00:08:45 IST">
  <testcase classname="com.test.setDelvLoc" name="testNavToSearchPage" time="21.479"/>
  <testcase classname="com.test.setDelvLoc" name="testRestaurantSrch" time="10.624"/>
  <testcase classname="com.test.setDelvLoc" name="testDishSrch" time="11.613"/>
</testsuite> <!-- Test -->
