<?xml version="1.0" encoding="UTF-8"?>
<testng-results ignored="0" total="3" passed="3" failed="0" skipped="0">
  <reporter-output>
  </reporter-output>
  <suite started-at="2022-08-11T00:07:13 IST" name="Suite" finished-at="2022-08-11T00:08:45 IST" duration-ms="92663">
    <groups>
    </groups>
    <test started-at="2022-08-11T00:07:13 IST" name="Test" finished-at="2022-08-11T00:08:45 IST" duration-ms="92663">
      <class name="com.test.setDelvLoc">
        <test-method is-config="true" signature="setUp()[pri:0, instance:com.test.setDelvLoc@a38c7fe]" started-at="2022-08-11T00:07:13 IST" name="setUp" finished-at="2022-08-11T00:07:54 IST" duration-ms="41580" status="PASS">
          <reporter-output>
          </reporter-output>
        </test-method> <!-- setUp -->
        <test-method signature="testNavToSearchPage()[pri:0, instance:com.test.setDelvLoc@a38c7fe]" started-at="2022-08-11T00:07:54 IST" name="testNavToSearchPage" finished-at="2022-08-11T00:08:16 IST" duration-ms="21479" status="PASS">
          <reporter-output>
          </reporter-output>
        </test-method> <!-- testNavToSearchPage -->
        <test-method signature="testRestaurantSrch()[pri:0, instance:com.test.setDelvLoc@a38c7fe]" started-at="2022-08-11T00:08:16 IST" name="testRestaurantSrch" finished-at="2022-08-11T00:08:27 IST" depends-on-methods="com.test.setDelvLoc.testNavToSearchPage" duration-ms="10624" status="PASS">
          <reporter-output>
          </reporter-output>
        </test-method> <!-- testRestaurantSrch -->
        <test-method signature="testDishSrch()[pri:0, instance:com.test.setDelvLoc@a38c7fe]" started-at="2022-08-11T00:08:27 IST" name="testDishSrch" finished-at="2022-08-11T00:08:38 IST" depends-on-methods="com.test.setDelvLoc.testRestaurantSrch, com.test.setDelvLoc.testNavToSearchPage" duration-ms="11613" status="PASS">
          <reporter-output>
          </reporter-output>
        </test-method> <!-- testDishSrch -->
        <test-method is-config="true" signature="tearDown()[pri:0, instance:com.test.setDelvLoc@a38c7fe]" started-at="2022-08-11T00:08:38 IST" name="tearDown" finished-at="2022-08-11T00:08:45 IST" duration-ms="7046" status="PASS">
          <reporter-output>
          </reporter-output>
        </test-method> <!-- tearDown -->
      </class> <!-- com.test.setDelvLoc -->
    </test> <!-- Test -->
  </suite> <!-- Suite -->
</testng-results>
